#
# A fatal error has been detected by the Java Runtime Environment:
#
#  EXCEPTION_ACCESS_VIOLATION (0xc0000005) at pc=0x00007ffb8155cab1, pid=71732, tid=71312
#
# JRE version: Java(TM) SE Runtime Environment (17.0.5+9) (build 17.0.5+9-LTS-191)
# Java VM: Java HotSpot(TM) 64-Bit Server VM (17.0.5+9-LTS-191, mixed mode, sharing, tiered, compressed oops, compressed class ptrs, g1 gc, windows-amd64)
# Problematic frame:
# V  [jvm.dll+0x1acab1]
#
# No core dump will be written. Minidumps are not enabled by default on client versions of Windows
#
# If you would like to submit a bug report, please visit:
#   https://bugreport.java.com/bugreport/crash.jsp
#

---------------  S U M M A R Y ------------

Command Line: -Dfile.encoding=UTF-8 -XX:+ShowCodeDetailsInExceptionMessages Recursion.PascalTriangle

Host: 11th Gen Intel(R) Core(TM) i5-1155G7 @ 2.50GHz, 8 cores, 15G,  Windows 11 , 64 bit Build 22621 (10.0.22621.2428)
Time: Mon Oct 16 18:41:54 2023 India Standard Time elapsed time: 1.364016 seconds (0d 0h 0m 1s)

---------------  T H R E A D  ---------------

Current thread (0x000002905d7938f0):  GCTaskThread "GC Thread#0" [stack: 0x000000ba10100000,0x000000ba10200000] [id=71312]

Stack: [0x000000ba10100000,0x000000ba10200000],  sp=0x000000ba101ff408,  free space=1021k
Native frames: (J=compiled Java code, j=interpreted, Vv=VM code, C=native code)
V  [jvm.dll+0x1acab1]


siginfo: EXCEPTION_ACCESS_VIOLATION (0xc0000005), reading address 0x0000000000000100


Register to memory mapping:

RIP=0x00007ffb8155cab1 jvm.dll
RAX=0x0 is NULL
RBX=0x0000000000000001 is an unknown value
RCX=0x0000000800000000 is pointing into metadata
RDX=0x0000000713802e68 is pointing into object: java.lang.String 
{0x0000000713802e60} - klass: 'java/lang/String'
 - string: "jdk.internal.org.objectweb.asm.util"
RSP=0x000000ba101ff408 points into unknown readable memory: 0x00007ffb816b29ac | ac 29 6b 81 fb 7f 00 00
RBP=0x00000000000013e7 is an unknown value
RSI=0x0000000712994e84 is pointing into object: [Ljava.lang.Object; 
{0x000000070e400000} - klass: 'java/lang/Object'[]
 - length: 20767725
RDI=0x0000000713802e68 is pointing into object: java.lang.String 
{0x0000000713802e60} - klass: 'java/lang/String'
 - string: "jdk.internal.org.objectweb.asm.util"
R8 =0x0 is NULL
R9 =0x0000000800000000 is pointing into metadata
R10=0x0000000713802e68 is pointing into object: java.lang.String 
{0x0000000713802e60} - klass: 'java/lang/String'
 - string: "jdk.internal.org.objectweb.asm.util"
R11=0x00000125716103a1 is an unknown value
R12=0x000000ba101ff730 points into unknown readable memory: 0x00007ffb81ca7dc8 | c8 7d ca 81 fb 7f 00 00
R13=0x000002905d73f6c0 points into unknown readable memory: 0x00000000000007e1 | e1 07 00 00 00 00 00 00
R14=0x00000290011ee350 points into unknown readable memory: 0x00007ffb81ca6cf8 | f8 6c ca 81 fb 7f 00 00
R15=0x0000000800000000 is pointing into metadata


Registers:
RAX=0x0000000000000000, RBX=0x0000000000000001, RCX=0x0000000800000000, RDX=0x0000000713802e68
RSP=0x000000ba101ff408, RBP=0x00000000000013e7, RSI=0x0000000712994e84, RDI=0x0000000713802e68
R8 =0x0000000000000000, R9 =0x0000000800000000, R10=0x0000000713802e68, R11=0x00000125716103a1
R12=0x000000ba101ff730, R13=0x000002905d73f6c0, R14=0x00000290011ee350, R15=0x0000000800000000
RIP=0x00007ffb8155cab1, EFLAGS=0x0000000000010246

Top of Stack: (sp=0x000000ba101ff408)
0x000000ba101ff408:   00007ffb816b29ac 0000000000009191
0x000000ba101ff418:   00007ffc2a5d162f 00007ffc2a590000
0x000000ba101ff428:   00000000ffa9c5c4 000002905b460000
0x000000ba101ff438:   00007ffb81a6554f 000002905b460120
0x000000ba101ff448:   00007ffc2a5f3168 0000000712997ffc
0x000000ba101ff458:   00007ffb816b9009 0000000000000001
0x000000ba101ff468:   0000000000000000 0000000000000040
0x000000ba101ff478:   000002905d73f6c0 000000ba101ff730
0x000000ba101ff488:   00000290011ee350 0000000712994e84
0x000000ba101ff498:   00000000000013e7 0000000712994e85
0x000000ba101ff4a8:   00007ffb816b3ac0 0000000000075ca7
0x000000ba101ff4b8:   0000000003894ca7 000002905d7fa660
0x000000ba101ff4c8:   fd9d03cc0000e970 0000029074b35c80
0x000000ba101ff4d8:   0000000000000040 0000000000001000
0x000000ba101ff4e8:   000000ba101ff730 0000000712990000
0x000000ba101ff4f8:   00007ffb816b07ee 00000290013fe5a0 

Instructions: (pc=0x00007ffb8155cab1)
0x00007ffb8155c9b1:   74 32 0f 10 83 f0 02 00 00 48 8b 07 48 8d 54 24
0x00007ffb8155c9c1:   20 48 8b cf 0f 29 44 24 20 ff 50 40 33 c0 48 89
0x00007ffb8155c9d1:   44 24 20 48 89 44 24 28 0f 10 44 24 20 0f 11 83
0x00007ffb8155c9e1:   f0 02 00 00 48 8b 5c 24 40 48 83 c4 30 5f c3 48
0x00007ffb8155c9f1:   8b 49 40 48 8b 01 48 ff 60 28 cc cc cc cc cc 80
0x00007ffb8155ca01:   3d 2c f1 93 00 00 48 8b c1 74 1b 8b 51 08 8b 0d
0x00007ffb8155ca11:   a3 78 8d 00 48 d3 e2 48 8b c8 48 03 15 8e 78 8d
0x00007ffb8155ca21:   00 e9 19 00 00 00 48 8b 51 08 48 8b c8 e9 0d 00
0x00007ffb8155ca31:   00 00 cc cc cc cc cc cc cc cc cc cc cc cc cc 4c
0x00007ffb8155ca41:   8b ca 48 8b d1 45 8b 41 08 45 85 c0 7e 0e 41 f6
0x00007ffb8155ca51:   c0 01 75 56 41 c1 f8 03 41 8b c0 c3 79 4c 80 3d
0x00007ffb8155ca61:   cd f0 93 00 00 b8 0c 00 00 00 b9 10 00 00 00 0f
0x00007ffb8155ca71:   45 c8 8b 05 5b 87 8d 00 ff c8 4c 63 c8 48 63 14
0x00007ffb8155ca81:   11 41 8b c8 83 e1 3f 48 d3 e2 41 8b c8 48 c1 f9
0x00007ffb8155ca91:   10 0f b6 c1 49 8d 0c 11 49 f7 d1 48 03 c1 49 c1
0x00007ffb8155caa1:   e9 03 48 c1 e8 03 41 23 c1 c3 49 8b 01 49 8b c9
0x00007ffb8155cab1:   48 ff a0 00 01 00 00 cc cc cc cc cc cc cc cc 48
0x00007ffb8155cac1:   83 ec 38 0f 10 02 48 8b 49 40 48 8d 54 24 20 0f
0x00007ffb8155cad1:   29 44 24 20 e8 56 f2 ff ff 48 83 c4 38 c3 cc 48
0x00007ffb8155cae1:   83 ec 38 0f 10 02 48 8b 01 48 8d 54 24 20 0f 29
0x00007ffb8155caf1:   44 24 20 ff 50 38 48 83 c4 38 c3 cc cc cc cc 48
0x00007ffb8155cb01:   89 5c 24 08 55 56 57 41 54 41 55 41 56 41 57 48
0x00007ffb8155cb11:   8d 6c 24 e0 48 81 ec 20 01 00 00 48 8b 05 35 75
0x00007ffb8155cb21:   90 00 48 33 c4 48 89 45 10 48 8b 05 5f e8 92 00
0x00007ffb8155cb31:   45 33 ed 4c 8b b5 80 00 00 00 4c 8b fa 48 8b bd
0x00007ffb8155cb41:   88 00 00 00 4d 8b c6 49 8b d6 49 8b f1 48 8b 48
0x00007ffb8155cb51:   40 48 8b 59 40 49 8b cf c7 45 c0 ff ff ff ff 44
0x00007ffb8155cb61:   89 6d d4 4c 89 6d d8 44 88 6d e0 c7 45 e8 ff ff
0x00007ffb8155cb71:   ff ff 44 89 6d fc 4c 89 6d 00 44 88 6d 08 e8 fc
0x00007ffb8155cb81:   fe f3 ff 41 b1 01 4c 8d 45 e8 41 8d 55 04 49 8b
0x00007ffb8155cb91:   cf e8 99 16 f2 ff 48 8b 05 82 27 7a 00 4c 8d 25
0x00007ffb8155cba1:   fb 23 69 00 48 89 44 24 30 4c 8d 44 24 70 0f b6 


Stack slot to memory mapping:
stack at sp + 0 slots: 0x00007ffb816b29ac jvm.dll
stack at sp + 1 slots: 0x0000000000009191 is an unknown value
stack at sp + 2 slots: 0x00007ffc2a5d162f ntdll.dll
stack at sp + 3 slots: 0x00007ffc2a590000 ntdll.dll
stack at sp + 4 slots: 0x00000000ffa9c5c4 is an unknown value
stack at sp + 5 slots: 0x000002905b460000 points into unknown readable memory: 0x0000000000000000 | 00 00 00 00 00 00 00 00
stack at sp + 6 slots: 0x00007ffb81a6554f jvm.dll
stack at sp + 7 slots: 0x000002905b460120 points into unknown readable memory: 0x0000000000100001 | 01 00 10 00 00 00 00 00


---------------  P R O C E S S  ---------------

Threads class SMR info:
_java_thread_list=0x000002900114b180, length=12, elements={
0x000002905d72a9e0, 0x00000290003ed280, 0x00000290003f0050, 0x00000290003ff860,
0x0000029000401630, 0x0000029000407040, 0x0000029000407510, 0x0000029000419f50,
0x000002900041ad10, 0x0000029001010060, 0x00000290004091f0, 0x00000290004096c0
}

Java Threads: ( => current thread )
  0x000002905d72a9e0 JavaThread "main" [_thread_blocked, id=64212, stack(0x000000ba10000000,0x000000ba10100000)]
  0x00000290003ed280 JavaThread "Reference Handler" daemon [_thread_blocked, id=66676, stack(0x000000ba10700000,0x000000ba10800000)]
  0x00000290003f0050 JavaThread "Finalizer" daemon [_thread_blocked, id=71508, stack(0x000000ba10800000,0x000000ba10900000)]
  0x00000290003ff860 JavaThread "Signal Dispatcher" daemon [_thread_blocked, id=62952, stack(0x000000ba10900000,0x000000ba10a00000)]
  0x0000029000401630 JavaThread "Attach Listener" daemon [_thread_blocked, id=72432, stack(0x000000ba10a00000,0x000000ba10b00000)]
  0x0000029000407040 JavaThread "Service Thread" daemon [_thread_blocked, id=72224, stack(0x000000ba10b00000,0x000000ba10c00000)]
  0x0000029000407510 JavaThread "Monitor Deflation Thread" daemon [_thread_blocked, id=70896, stack(0x000000ba10c00000,0x000000ba10d00000)]
  0x0000029000419f50 JavaThread "C2 CompilerThread0" daemon [_thread_blocked, id=43268, stack(0x000000ba10d00000,0x000000ba10e00000)]
  0x000002900041ad10 JavaThread "C1 CompilerThread0" daemon [_thread_blocked, id=6288, stack(0x000000ba10e00000,0x000000ba10f00000)]
  0x0000029001010060 JavaThread "Sweeper thread" daemon [_thread_blocked, id=60364, stack(0x000000ba10f00000,0x000000ba11000000)]
  0x00000290004091f0 JavaThread "Notification Thread" daemon [_thread_blocked, id=72340, stack(0x000000ba11000000,0x000000ba11100000)]
  0x00000290004096c0 JavaThread "Common-Cleaner" daemon [_thread_blocked, id=72552, stack(0x000000ba11200000,0x000000ba11300000)]

Other Threads:
  0x00000290003e98e0 VMThread "VM Thread" [stack: 0x000000ba10600000,0x000000ba10700000] [id=72376]
  0x000002905d7b3430 WatcherThread [stack: 0x000000ba11100000,0x000000ba11200000] [id=71468]
=>0x000002905d7938f0 GCTaskThread "GC Thread#0" [stack: 0x000000ba10100000,0x000000ba10200000] [id=71312]
  0x0000029001180130 GCTaskThread "GC Thread#1" [stack: 0x000000ba11a00000,0x000000ba11b00000] [id=60680]
  0x00000290011803e0 GCTaskThread "GC Thread#2" [stack: 0x000000ba11b00000,0x000000ba11c00000] [id=64856]
  0x00000290011d4ff0 GCTaskThread "GC Thread#3" [stack: 0x000000ba11c00000,0x000000ba11d00000] [id=68496]
  0x00000290011da6d0 GCTaskThread "GC Thread#4" [stack: 0x000000ba11d00000,0x000000ba11e00000] [id=63720]
  0x00000290011dad90 GCTaskThread "GC Thread#5" [stack: 0x000000ba11e00000,0x000000ba11f00000] [id=66304]
  0x00000290011e5c60 GCTaskThread "GC Thread#6" [stack: 0x000000ba12000000,0x000000ba12100000] [id=71996]
  0x00000290011e5470 GCTaskThread "GC Thread#7" [stack: 0x000000ba12100000,0x000000ba12200000] [id=58100]
  0x000002905d7a4440 ConcurrentGCThread "G1 Main Marker" [stack: 0x000000ba10200000,0x000000ba10300000] [id=62100]
  0x000002905d7a4e50 ConcurrentGCThread "G1 Conc#0" [stack: 0x000000ba10300000,0x000000ba10400000] [id=59868]
  0x00000290013fed00 ConcurrentGCThread "G1 Conc#1" [stack: 0x000000ba11f00000,0x000000ba12000000] [id=57932]
  0x00000290002a34e0 ConcurrentGCThread "G1 Refine#0" [stack: 0x000000ba10400000,0x000000ba10500000] [id=72348]
  0x00000290011cb8b0 ConcurrentGCThread "G1 Refine#1" [stack: 0x000000ba11300000,0x000000ba11400000] [id=65592]
  0x000002900118df20 ConcurrentGCThread "G1 Refine#2" [stack: 0x000000ba11400000,0x000000ba11500000] [id=70864]
  0x000002900118e200 ConcurrentGCThread "G1 Refine#3" [stack: 0x000000ba11500000,0x000000ba11600000] [id=59212]
  0x000002900118e4e0 ConcurrentGCThread "G1 Refine#4" [stack: 0x000000ba11600000,0x000000ba11700000] [id=72324]
  0x000002900118f1f0 ConcurrentGCThread "G1 Refine#5" [stack: 0x000000ba11700000,0x000000ba11800000] [id=71140]
  0x000002900118fb00 ConcurrentGCThread "G1 Refine#6" [stack: 0x000000ba11800000,0x000000ba11900000] [id=57416]
  0x000002900118fde0 ConcurrentGCThread "G1 Refine#7" [stack: 0x000000ba11900000,0x000000ba11a00000] [id=35096]
  0x00000290002a3f00 ConcurrentGCThread "G1 Service" [stack: 0x000000ba10500000,0x000000ba10600000] [id=57564]

Threads with active compile tasks:

VM state: at safepoint (normal execution)

VM Mutex/Monitor currently owned by a thread:  ([mutex/lock_event])
[0x000002905d727950] Threads_lock - owner thread: 0x00000290003e98e0
[0x000002905d728370] Heap_lock - owner thread: 0x000002905d72a9e0

Heap address: 0x0000000703e00000, size: 4034 MB, Compressed Oops mode: Zero based, Oop shift amount: 3

CDS archive(s) mapped at: [0x0000000800000000-0x0000000800bd0000-0x0000000800bd0000), size 12386304, SharedBaseAddress: 0x0000000800000000, ArchiveRelocationMode: 0.
Compressed class space mapped at: 0x0000000800c00000-0x0000000840c00000, reserved size: 1073741824
Narrow klass base: 0x0000000800000000, Narrow klass shift: 0, Narrow klass range: 0x100000000

GC Precious Log:
 CPUs: 8 total, 8 available
 Memory: 16133M
 Large Page Support: Disabled
 NUMA Support: Disabled
 Compressed Oops: Enabled (Zero based)
 Heap Region Size: 2M
 Heap Min Capacity: 8M
 Heap Initial Capacity: 254M
 Heap Max Capacity: 4034M
 Pre-touch: Disabled
 Parallel Workers: 8
 Concurrent Workers: 2
 Concurrent Refinement Workers: 8
 Periodic GC: Disabled

Heap:
 garbage-first heap   total 380928K, used 205346K [0x0000000703e00000, 0x0000000800000000)
  region size 2048K, 1 young (2048K), 1 survivors (2048K)
 Metaspace       used 145K, committed 384K, reserved 1056768K
  class space    used 4K, committed 128K, reserved 1048576K

Heap Regions: E=young(eden), S=young(survivor), O=old, HS=humongous(starts), HC=humongous(continues), CS=collection set, F=free, OA=open archive, CA=closed archive, TAMS=top-at-mark-start (previous, next)
|   0|0x0000000703e00000, 0x0000000703e00000, 0x0000000704000000|  0%| F|  |TAMS 0x0000000703e00000, 0x0000000703e00000| Untracked 
|   1|0x0000000704000000, 0x0000000704000000, 0x0000000704200000|  0%| F|  |TAMS 0x0000000704000000, 0x0000000704000000| Untracked 
|   2|0x0000000704200000, 0x0000000704200000, 0x0000000704400000|  0%| F|  |TAMS 0x0000000704200000, 0x0000000704200000| Untracked 
|   3|0x0000000704400000, 0x0000000704400000, 0x0000000704600000|  0%| F|  |TAMS 0x0000000704400000, 0x0000000704400000| Untracked 
|   4|0x0000000704600000, 0x0000000704600000, 0x0000000704800000|  0%| F|  |TAMS 0x0000000704600000, 0x0000000704600000| Untracked 
|   5|0x0000000704800000, 0x0000000704800000, 0x0000000704a00000|  0%| F|  |TAMS 0x0000000704800000, 0x0000000704800000| Untracked 
|   6|0x0000000704a00000, 0x0000000704a00000, 0x0000000704c00000|  0%| F|  |TAMS 0x0000000704a00000, 0x0000000704a00000| Untracked 
|   7|0x0000000704c00000, 0x0000000704c00000, 0x0000000704e00000|  0%| F|  |TAMS 0x0000000704c00000, 0x0000000704c00000| Untracked 
|   8|0x0000000704e00000, 0x0000000704e00000, 0x0000000705000000|  0%| F|  |TAMS 0x0000000704e00000, 0x0000000704e00000| Untracked 
|   9|0x0000000705000000, 0x0000000705000000, 0x0000000705200000|  0%| F|  |TAMS 0x0000000705000000, 0x0000000705000000| Untracked 
|  10|0x0000000705200000, 0x0000000705200000, 0x0000000705400000|  0%| F|  |TAMS 0x0000000705200000, 0x0000000705200000| Untracked 
|  11|0x0000000705400000, 0x0000000705400000, 0x0000000705600000|  0%| F|  |TAMS 0x0000000705400000, 0x0000000705400000| Untracked 
|  12|0x0000000705600000, 0x0000000705600000, 0x0000000705800000|  0%| F|  |TAMS 0x0000000705600000, 0x0000000705600000| Untracked 
|  13|0x0000000705800000, 0x0000000705800000, 0x0000000705a00000|  0%| F|  |TAMS 0x0000000705800000, 0x0000000705800000| Untracked 
|  14|0x0000000705a00000, 0x0000000705a00000, 0x0000000705c00000|  0%| F|  |TAMS 0x0000000705a00000, 0x0000000705a00000| Untracked 
|  15|0x0000000705c00000, 0x0000000705c00000, 0x0000000705e00000|  0%| F|  |TAMS 0x0000000705c00000, 0x0000000705c00000| Untracked 
|  16|0x0000000705e00000, 0x0000000705e00000, 0x0000000706000000|  0%| F|  |TAMS 0x0000000705e00000, 0x0000000705e00000| Untracked 
|  17|0x0000000706000000, 0x0000000706000000, 0x0000000706200000|  0%| F|  |TAMS 0x0000000706000000, 0x0000000706000000| Untracked 
|  18|0x0000000706200000, 0x0000000706200000, 0x0000000706400000|  0%| F|  |TAMS 0x0000000706200000, 0x0000000706200000| Untracked 
|  19|0x0000000706400000, 0x0000000706400000, 0x0000000706600000|  0%| F|  |TAMS 0x0000000706400000, 0x0000000706400000| Untracked 
|  20|0x0000000706600000, 0x0000000706600000, 0x0000000706800000|  0%| F|  |TAMS 0x0000000706600000, 0x0000000706600000| Untracked 
|  21|0x0000000706800000, 0x0000000706800000, 0x0000000706a00000|  0%| F|  |TAMS 0x0000000706800000, 0x0000000706800000| Untracked 
|  22|0x0000000706a00000, 0x0000000706a00000, 0x0000000706c00000|  0%| F|  |TAMS 0x0000000706a00000, 0x0000000706a00000| Untracked 
|  23|0x0000000706c00000, 0x0000000706c00000, 0x0000000706e00000|  0%| F|  |TAMS 0x0000000706c00000, 0x0000000706c00000| Untracked 
|  24|0x0000000706e00000, 0x0000000706e00000, 0x0000000707000000|  0%| F|  |TAMS 0x0000000706e00000, 0x0000000706e00000| Untracked 
|  25|0x0000000707000000, 0x0000000707000000, 0x0000000707200000|  0%| F|  |TAMS 0x0000000707000000, 0x0000000707000000| Untracked 
|  26|0x0000000707200000, 0x0000000707200000, 0x0000000707400000|  0%| F|  |TAMS 0x0000000707200000, 0x0000000707200000| Untracked 
|  27|0x0000000707400000, 0x0000000707400000, 0x0000000707600000|  0%| F|  |TAMS 0x0000000707400000, 0x0000000707400000| Untracked 
|  28|0x0000000707600000, 0x0000000707600000, 0x0000000707800000|  0%| F|  |TAMS 0x0000000707600000, 0x0000000707600000| Untracked 
|  29|0x0000000707800000, 0x0000000707800000, 0x0000000707a00000|  0%| F|  |TAMS 0x0000000707800000, 0x0000000707800000| Untracked 
|  30|0x0000000707a00000, 0x0000000707a00000, 0x0000000707c00000|  0%| F|  |TAMS 0x0000000707a00000, 0x0000000707a00000| Untracked 
|  31|0x0000000707c00000, 0x0000000707c00000, 0x0000000707e00000|  0%| F|  |TAMS 0x0000000707c00000, 0x0000000707c00000| Untracked 
|  32|0x0000000707e00000, 0x0000000707e00000, 0x0000000708000000|  0%| F|  |TAMS 0x0000000707e00000, 0x0000000707e00000| Untracked 
|  33|0x0000000708000000, 0x0000000708000000, 0x0000000708200000|  0%| F|  |TAMS 0x0000000708000000, 0x0000000708000000| Untracked 
|  34|0x0000000708200000, 0x0000000708200000, 0x0000000708400000|  0%| F|  |TAMS 0x0000000708200000, 0x0000000708200000| Untracked 
|  35|0x0000000708400000, 0x0000000708400000, 0x0000000708600000|  0%| F|  |TAMS 0x0000000708400000, 0x0000000708400000| Untracked 
|  36|0x0000000708600000, 0x0000000708600000, 0x0000000708800000|  0%| F|  |TAMS 0x0000000708600000, 0x0000000708600000| Untracked 
|  37|0x0000000708800000, 0x0000000708800000, 0x0000000708a00000|  0%| F|  |TAMS 0x0000000708800000, 0x0000000708800000| Untracked 
|  38|0x0000000708a00000, 0x0000000708a00000, 0x0000000708c00000|  0%| F|  |TAMS 0x0000000708a00000, 0x0000000708a00000| Untracked 
|  39|0x0000000708c00000, 0x0000000708c00000, 0x0000000708e00000|  0%| F|  |TAMS 0x0000000708c00000, 0x0000000708c00000| Untracked 
|  40|0x0000000708e00000, 0x0000000708e00000, 0x0000000709000000|  0%| F|  |TAMS 0x0000000708e00000, 0x0000000708e00000| Untracked 
|  41|0x0000000709000000, 0x0000000709000000, 0x0000000709200000|  0%| F|  |TAMS 0x0000000709000000, 0x0000000709000000| Untracked 
|  42|0x0000000709200000, 0x0000000709200000, 0x0000000709400000|  0%| F|  |TAMS 0x0000000709200000, 0x0000000709200000| Untracked 
|  43|0x0000000709400000, 0x0000000709400000, 0x0000000709600000|  0%| F|  |TAMS 0x0000000709400000, 0x0000000709400000| Untracked 
|  44|0x0000000709600000, 0x0000000709600000, 0x0000000709800000|  0%| F|  |TAMS 0x0000000709600000, 0x0000000709600000| Untracked 
|  45|0x0000000709800000, 0x0000000709800000, 0x0000000709a00000|  0%| F|  |TAMS 0x0000000709800000, 0x0000000709800000| Untracked 
|  46|0x0000000709a00000, 0x0000000709a00000, 0x0000000709c00000|  0%| F|  |TAMS 0x0000000709a00000, 0x0000000709a00000| Untracked 
|  47|0x0000000709c00000, 0x0000000709c00000, 0x0000000709e00000|  0%| F|  |TAMS 0x0000000709c00000, 0x0000000709c00000| Untracked 
|  48|0x0000000709e00000, 0x0000000709e00000, 0x000000070a000000|  0%| F|  |TAMS 0x0000000709e00000, 0x0000000709e00000| Untracked 
|  49|0x000000070a000000, 0x000000070a000000, 0x000000070a200000|  0%| F|  |TAMS 0x000000070a000000, 0x000000070a000000| Untracked 
|  50|0x000000070a200000, 0x000000070a200000, 0x000000070a400000|  0%| F|  |TAMS 0x000000070a200000, 0x000000070a200000| Untracked 
|  51|0x000000070a400000, 0x000000070a400000, 0x000000070a600000|  0%| F|  |TAMS 0x000000070a400000, 0x000000070a400000| Untracked 
|  52|0x000000070a600000, 0x000000070a600000, 0x000000070a800000|  0%| F|  |TAMS 0x000000070a600000, 0x000000070a600000| Untracked 
|  53|0x000000070a800000, 0x000000070a800000, 0x000000070aa00000|  0%| F|  |TAMS 0x000000070a800000, 0x000000070a800000| Untracked 
|  54|0x000000070aa00000, 0x000000070aa00000, 0x000000070ac00000|  0%| F|  |TAMS 0x000000070aa00000, 0x000000070aa00000| Untracked 
|  55|0x000000070ac00000, 0x000000070ac00000, 0x000000070ae00000|  0%| F|  |TAMS 0x000000070ac00000, 0x000000070ac00000| Untracked 
|  56|0x000000070ae00000, 0x000000070ae00000, 0x000000070b000000|  0%| F|  |TAMS 0x000000070ae00000, 0x000000070ae00000| Untracked 
|  57|0x000000070b000000, 0x000000070b000000, 0x000000070b200000|  0%| F|  |TAMS 0x000000070b000000, 0x000000070b000000| Untracked 
|  58|0x000000070b200000, 0x000000070b200000, 0x000000070b400000|  0%| F|  |TAMS 0x000000070b200000, 0x000000070b200000| Untracked 
|  59|0x000000070b400000, 0x000000070b400000, 0x000000070b600000|  0%| F|  |TAMS 0x000000070b400000, 0x000000070b400000| Untracked 
|  60|0x000000070b600000, 0x000000070b600000, 0x000000070b800000|  0%| F|  |TAMS 0x000000070b600000, 0x000000070b600000| Untracked 
|  61|0x000000070b800000, 0x000000070b800000, 0x000000070ba00000|  0%| F|  |TAMS 0x000000070b800000, 0x000000070b800000| Untracked 
|  62|0x000000070ba00000, 0x000000070ba00000, 0x000000070bc00000|  0%| F|  |TAMS 0x000000070ba00000, 0x000000070ba00000| Untracked 
|  63|0x000000070bc00000, 0x000000070bc00000, 0x000000070be00000|  0%| F|  |TAMS 0x000000070bc00000, 0x000000070bc00000| Untracked 
|  64|0x000000070be00000, 0x000000070be00000, 0x000000070c000000|  0%| F|  |TAMS 0x000000070be00000, 0x000000070be00000| Untracked 
|  65|0x000000070c000000, 0x000000070c000000, 0x000000070c200000|  0%| F|  |TAMS 0x000000070c000000, 0x000000070c000000| Untracked 
|  66|0x000000070c200000, 0x000000070c200000, 0x000000070c400000|  0%| F|  |TAMS 0x000000070c200000, 0x000000070c200000| Untracked 
|  67|0x000000070c400000, 0x000000070c400000, 0x000000070c600000|  0%| F|  |TAMS 0x000000070c400000, 0x000000070c400000| Untracked 
|  68|0x000000070c600000, 0x000000070c600000, 0x000000070c800000|  0%| F|  |TAMS 0x000000070c600000, 0x000000070c600000| Untracked 
|  69|0x000000070c800000, 0x000000070c800000, 0x000000070ca00000|  0%| F|  |TAMS 0x000000070c800000, 0x000000070c800000| Untracked 
|  70|0x000000070ca00000, 0x000000070ca00000, 0x000000070cc00000|  0%| F|  |TAMS 0x000000070ca00000, 0x000000070ca00000| Untracked 
|  71|0x000000070cc00000, 0x000000070cc00000, 0x000000070ce00000|  0%| F|  |TAMS 0x000000070cc00000, 0x000000070cc00000| Untracked 
|  72|0x000000070ce00000, 0x000000070ce00000, 0x000000070d000000|  0%| F|  |TAMS 0x000000070ce00000, 0x000000070ce00000| Untracked 
|  73|0x000000070d000000, 0x000000070d000000, 0x000000070d200000|  0%| F|  |TAMS 0x000000070d000000, 0x000000070d000000| Untracked 
|  74|0x000000070d200000, 0x000000070d200000, 0x000000070d400000|  0%| F|  |TAMS 0x000000070d200000, 0x000000070d200000| Untracked 
|  75|0x000000070d400000, 0x000000070d400000, 0x000000070d600000|  0%| F|  |TAMS 0x000000070d400000, 0x000000070d400000| Untracked 
|  76|0x000000070d600000, 0x000000070d600000, 0x000000070d800000|  0%| F|  |TAMS 0x000000070d600000, 0x000000070d600000| Untracked 
|  77|0x000000070d800000, 0x000000070d800000, 0x000000070da00000|  0%| F|  |TAMS 0x000000070d800000, 0x000000070d800000| Untracked 
|  78|0x000000070da00000, 0x000000070da00000, 0x000000070dc00000|  0%| F|  |TAMS 0x000000070da00000, 0x000000070da00000| Untracked 
|  79|0x000000070dc00000, 0x000000070dc00000, 0x000000070de00000|  0%| F|  |TAMS 0x000000070dc00000, 0x000000070dc00000| Untracked 
|  80|0x000000070de00000, 0x000000070de00000, 0x000000070e000000|  0%| F|  |TAMS 0x000000070de00000, 0x000000070de00000| Untracked 
|  81|0x000000070e000000, 0x000000070e000000, 0x000000070e200000|  0%| F|  |TAMS 0x000000070e000000, 0x000000070e000000| Untracked 
|  82|0x000000070e200000, 0x000000070e200000, 0x000000070e400000|  0%| F|  |TAMS 0x000000070e200000, 0x000000070e200000| Untracked 
|  83|0x000000070e400000, 0x000000070e600000, 0x000000070e600000|100%|HS|  |TAMS 0x000000070e600000, 0x000000070e600000| Complete 
|  84|0x000000070e600000, 0x000000070e800000, 0x000000070e800000|100%|HC|  |TAMS 0x000000070e800000, 0x000000070e800000| Complete 
|  85|0x000000070e800000, 0x000000070ea00000, 0x000000070ea00000|100%|HC|  |TAMS 0x000000070ea00000, 0x000000070ea00000| Complete 
|  86|0x000000070ea00000, 0x000000070ec00000, 0x000000070ec00000|100%|HC|  |TAMS 0x000000070ec00000, 0x000000070ec00000| Complete 
|  87|0x000000070ec00000, 0x000000070ee00000, 0x000000070ee00000|100%|HC|  |TAMS 0x000000070ee00000, 0x000000070ee00000| Complete 
|  88|0x000000070ee00000, 0x000000070f000000, 0x000000070f000000|100%|HC|  |TAMS 0x000000070f000000, 0x000000070f000000| Complete 
|  89|0x000000070f000000, 0x000000070f200000, 0x000000070f200000|100%|HC|  |TAMS 0x000000070f200000, 0x000000070f200000| Complete 
|  90|0x000000070f200000, 0x000000070f400000, 0x000000070f400000|100%|HC|  |TAMS 0x000000070f400000, 0x000000070f400000| Complete 
|  91|0x000000070f400000, 0x000000070f600000, 0x000000070f600000|100%|HC|  |TAMS 0x000000070f600000, 0x000000070f600000| Complete 
|  92|0x000000070f600000, 0x000000070f800000, 0x000000070f800000|100%|HC|  |TAMS 0x000000070f800000, 0x000000070f800000| Complete 
|  93|0x000000070f800000, 0x000000070fa00000, 0x000000070fa00000|100%|HC|  |TAMS 0x000000070fa00000, 0x000000070fa00000| Complete 
|  94|0x000000070fa00000, 0x000000070fc00000, 0x000000070fc00000|100%|HC|  |TAMS 0x000000070fc00000, 0x000000070fc00000| Complete 
|  95|0x000000070fc00000, 0x000000070fe00000, 0x000000070fe00000|100%|HC|  |TAMS 0x000000070fe00000, 0x000000070fe00000| Complete 
|  96|0x000000070fe00000, 0x0000000710000000, 0x0000000710000000|100%|HC|  |TAMS 0x0000000710000000, 0x0000000710000000| Complete 
|  97|0x0000000710000000, 0x0000000710200000, 0x0000000710200000|100%|HC|  |TAMS 0x0000000710200000, 0x0000000710200000| Complete 
|  98|0x0000000710200000, 0x0000000710400000, 0x0000000710400000|100%|HC|  |TAMS 0x0000000710400000, 0x0000000710400000| Complete 
|  99|0x0000000710400000, 0x0000000710600000, 0x0000000710600000|100%|HC|  |TAMS 0x0000000710600000, 0x0000000710600000| Complete 
| 100|0x0000000710600000, 0x0000000710800000, 0x0000000710800000|100%|HC|  |TAMS 0x0000000710800000, 0x0000000710800000| Complete 
| 101|0x0000000710800000, 0x0000000710a00000, 0x0000000710a00000|100%|HC|  |TAMS 0x0000000710a00000, 0x0000000710a00000| Complete 
| 102|0x0000000710a00000, 0x0000000710c00000, 0x0000000710c00000|100%|HC|  |TAMS 0x0000000710c00000, 0x0000000710c00000| Complete 
| 103|0x0000000710c00000, 0x0000000710e00000, 0x0000000710e00000|100%|HC|  |TAMS 0x0000000710e00000, 0x0000000710e00000| Complete 
| 104|0x0000000710e00000, 0x0000000711000000, 0x0000000711000000|100%|HC|  |TAMS 0x0000000711000000, 0x0000000711000000| Complete 
| 105|0x0000000711000000, 0x0000000711200000, 0x0000000711200000|100%|HC|  |TAMS 0x0000000711200000, 0x0000000711200000| Complete 
| 106|0x0000000711200000, 0x0000000711400000, 0x0000000711400000|100%|HC|  |TAMS 0x0000000711400000, 0x0000000711400000| Complete 
| 107|0x0000000711400000, 0x0000000711600000, 0x0000000711600000|100%|HC|  |TAMS 0x0000000711600000, 0x0000000711600000| Complete 
| 108|0x0000000711600000, 0x0000000711800000, 0x0000000711800000|100%|HC|  |TAMS 0x0000000711800000, 0x0000000711800000| Complete 
| 109|0x0000000711800000, 0x0000000711a00000, 0x0000000711a00000|100%|HC|  |TAMS 0x0000000711a00000, 0x0000000711a00000| Complete 
| 110|0x0000000711a00000, 0x0000000711c00000, 0x0000000711c00000|100%|HC|  |TAMS 0x0000000711c00000, 0x0000000711c00000| Complete 
| 111|0x0000000711c00000, 0x0000000711e00000, 0x0000000711e00000|100%|HC|  |TAMS 0x0000000711e00000, 0x0000000711e00000| Complete 
| 112|0x0000000711e00000, 0x0000000712000000, 0x0000000712000000|100%|HC|  |TAMS 0x0000000712000000, 0x0000000712000000| Complete 
| 113|0x0000000712000000, 0x0000000712200000, 0x0000000712200000|100%|HC|  |TAMS 0x0000000712200000, 0x0000000712200000| Complete 
| 114|0x0000000712200000, 0x0000000712400000, 0x0000000712400000|100%|HC|  |TAMS 0x0000000712400000, 0x0000000712400000| Complete 
| 115|0x0000000712400000, 0x0000000712600000, 0x0000000712600000|100%|HC|  |TAMS 0x0000000712600000, 0x0000000712600000| Complete 
| 116|0x0000000712600000, 0x0000000712800000, 0x0000000712800000|100%|HC|  |TAMS 0x0000000712800000, 0x0000000712800000| Complete 
| 117|0x0000000712800000, 0x0000000712a00000, 0x0000000712a00000|100%|HC|  |TAMS 0x0000000712a00000, 0x0000000712a00000| Complete 
| 118|0x0000000712a00000, 0x0000000712c00000, 0x0000000712c00000|100%|HC|  |TAMS 0x0000000712c00000, 0x0000000712c00000| Complete 
| 119|0x0000000712c00000, 0x0000000712e00000, 0x0000000712e00000|100%|HC|  |TAMS 0x0000000712e00000, 0x0000000712e00000| Complete 
| 120|0x0000000712e00000, 0x0000000713000000, 0x0000000713000000|100%|HC|  |TAMS 0x0000000713000000, 0x0000000713000000| Complete 
| 121|0x0000000713000000, 0x0000000713200000, 0x0000000713200000|100%|HC|  |TAMS 0x0000000713200000, 0x0000000713200000| Complete 
| 122|0x0000000713200000, 0x0000000713400000, 0x0000000713400000|100%|HC|  |TAMS 0x0000000713400000, 0x0000000713400000| Complete 
| 123|0x0000000713400000, 0x0000000713400000, 0x0000000713600000|  0%| F|  |TAMS 0x0000000713400000, 0x0000000713400000| Untracked 
| 124|0x0000000713600000, 0x000000071367f5a8, 0x0000000713800000| 24%| S|  |TAMS 0x0000000713600000, 0x0000000713600000| Complete 
| 125|0x0000000713800000, 0x0000000713888828, 0x0000000713a00000| 26%| E|CS|TAMS 0x0000000713800000, 0x0000000713888828| Complete 
| 126|0x0000000713a00000, 0x0000000713c00000, 0x0000000713c00000|100%|HS|  |TAMS 0x0000000713a00000, 0x0000000713c00000| Complete 
| 127|0x0000000713c00000, 0x0000000713e00000, 0x0000000713e00000|100%|HC|  |TAMS 0x0000000713c00000, 0x0000000713e00000| Complete 
| 128|0x0000000713e00000, 0x0000000714000000, 0x0000000714000000|100%|HC|  |TAMS 0x0000000713e00000, 0x0000000714000000| Complete 
| 129|0x0000000714000000, 0x0000000714200000, 0x0000000714200000|100%|HC|  |TAMS 0x0000000714000000, 0x0000000714200000| Complete 
| 130|0x0000000714200000, 0x0000000714400000, 0x0000000714400000|100%|HC|  |TAMS 0x0000000714200000, 0x0000000714400000| Complete 
| 131|0x0000000714400000, 0x0000000714600000, 0x0000000714600000|100%|HC|  |TAMS 0x0000000714400000, 0x0000000714600000| Complete 
| 132|0x0000000714600000, 0x0000000714800000, 0x0000000714800000|100%|HC|  |TAMS 0x0000000714600000, 0x0000000714800000| Complete 
| 133|0x0000000714800000, 0x0000000714a00000, 0x0000000714a00000|100%|HC|  |TAMS 0x0000000714800000, 0x0000000714a00000| Complete 
| 134|0x0000000714a00000, 0x0000000714c00000, 0x0000000714c00000|100%|HC|  |TAMS 0x0000000714a00000, 0x0000000714c00000| Complete 
| 135|0x0000000714c00000, 0x0000000714e00000, 0x0000000714e00000|100%|HC|  |TAMS 0x0000000714c00000, 0x0000000714e00000| Complete 
| 136|0x0000000714e00000, 0x0000000715000000, 0x0000000715000000|100%|HC|  |TAMS 0x0000000714e00000, 0x0000000715000000| Complete 
| 137|0x0000000715000000, 0x0000000715200000, 0x0000000715200000|100%|HC|  |TAMS 0x0000000715000000, 0x0000000715200000| Complete 
| 138|0x0000000715200000, 0x0000000715400000, 0x0000000715400000|100%|HC|  |TAMS 0x0000000715200000, 0x0000000715400000| Complete 
| 139|0x0000000715400000, 0x0000000715600000, 0x0000000715600000|100%|HC|  |TAMS 0x0000000715400000, 0x0000000715600000| Complete 
| 140|0x0000000715600000, 0x0000000715800000, 0x0000000715800000|100%|HC|  |TAMS 0x0000000715600000, 0x0000000715800000| Complete 
| 141|0x0000000715800000, 0x0000000715a00000, 0x0000000715a00000|100%|HC|  |TAMS 0x0000000715800000, 0x0000000715a00000| Complete 
| 142|0x0000000715a00000, 0x0000000715c00000, 0x0000000715c00000|100%|HC|  |TAMS 0x0000000715a00000, 0x0000000715c00000| Complete 
| 143|0x0000000715c00000, 0x0000000715e00000, 0x0000000715e00000|100%|HC|  |TAMS 0x0000000715c00000, 0x0000000715e00000| Complete 
| 144|0x0000000715e00000, 0x0000000716000000, 0x0000000716000000|100%|HC|  |TAMS 0x0000000715e00000, 0x0000000716000000| Complete 
| 145|0x0000000716000000, 0x0000000716200000, 0x0000000716200000|100%|HC|  |TAMS 0x0000000716000000, 0x0000000716200000| Complete 
| 146|0x0000000716200000, 0x0000000716400000, 0x0000000716400000|100%|HC|  |TAMS 0x0000000716200000, 0x0000000716400000| Complete 
| 147|0x0000000716400000, 0x0000000716600000, 0x0000000716600000|100%|HC|  |TAMS 0x0000000716400000, 0x0000000716600000| Complete 
| 148|0x0000000716600000, 0x0000000716800000, 0x0000000716800000|100%|HC|  |TAMS 0x0000000716600000, 0x0000000716800000| Complete 
| 149|0x0000000716800000, 0x0000000716a00000, 0x0000000716a00000|100%|HC|  |TAMS 0x0000000716800000, 0x0000000716a00000| Complete 
| 150|0x0000000716a00000, 0x0000000716c00000, 0x0000000716c00000|100%|HC|  |TAMS 0x0000000716a00000, 0x0000000716c00000| Complete 
| 151|0x0000000716c00000, 0x0000000716e00000, 0x0000000716e00000|100%|HC|  |TAMS 0x0000000716c00000, 0x0000000716e00000| Complete 
| 152|0x0000000716e00000, 0x0000000717000000, 0x0000000717000000|100%|HC|  |TAMS 0x0000000716e00000, 0x0000000717000000| Complete 
| 153|0x0000000717000000, 0x0000000717200000, 0x0000000717200000|100%|HC|  |TAMS 0x0000000717000000, 0x0000000717200000| Complete 
| 154|0x0000000717200000, 0x0000000717400000, 0x0000000717400000|100%|HC|  |TAMS 0x0000000717200000, 0x0000000717400000| Complete 
| 155|0x0000000717400000, 0x0000000717600000, 0x0000000717600000|100%|HC|  |TAMS 0x0000000717400000, 0x0000000717600000| Complete 
| 156|0x0000000717600000, 0x0000000717800000, 0x0000000717800000|100%|HC|  |TAMS 0x0000000717600000, 0x0000000717800000| Complete 
| 157|0x0000000717800000, 0x0000000717a00000, 0x0000000717a00000|100%|HC|  |TAMS 0x0000000717800000, 0x0000000717a00000| Complete 
| 158|0x0000000717a00000, 0x0000000717c00000, 0x0000000717c00000|100%|HC|  |TAMS 0x0000000717a00000, 0x0000000717c00000| Complete 
| 159|0x0000000717c00000, 0x0000000717e00000, 0x0000000717e00000|100%|HC|  |TAMS 0x0000000717c00000, 0x0000000717e00000| Complete 
| 160|0x0000000717e00000, 0x0000000718000000, 0x0000000718000000|100%|HC|  |TAMS 0x0000000717e00000, 0x0000000718000000| Complete 
| 161|0x0000000718000000, 0x0000000718200000, 0x0000000718200000|100%|HC|  |TAMS 0x0000000718000000, 0x0000000718200000| Complete 
| 162|0x0000000718200000, 0x0000000718400000, 0x0000000718400000|100%|HC|  |TAMS 0x0000000718200000, 0x0000000718400000| Complete 
| 163|0x0000000718400000, 0x0000000718600000, 0x0000000718600000|100%|HC|  |TAMS 0x0000000718400000, 0x0000000718600000| Complete 
| 164|0x0000000718600000, 0x0000000718800000, 0x0000000718800000|100%|HC|  |TAMS 0x0000000718600000, 0x0000000718800000| Complete 
| 165|0x0000000718800000, 0x0000000718a00000, 0x0000000718a00000|100%|HC|  |TAMS 0x0000000718800000, 0x0000000718a00000| Complete 
| 166|0x0000000718a00000, 0x0000000718c00000, 0x0000000718c00000|100%|HC|  |TAMS 0x0000000718a00000, 0x0000000718c00000| Complete 
| 167|0x0000000718c00000, 0x0000000718e00000, 0x0000000718e00000|100%|HC|  |TAMS 0x0000000718c00000, 0x0000000718e00000| Complete 
| 168|0x0000000718e00000, 0x0000000719000000, 0x0000000719000000|100%|HC|  |TAMS 0x0000000718e00000, 0x0000000719000000| Complete 
| 169|0x0000000719000000, 0x0000000719200000, 0x0000000719200000|100%|HC|  |TAMS 0x0000000719000000, 0x0000000719200000| Complete 
| 170|0x0000000719200000, 0x0000000719400000, 0x0000000719400000|100%|HC|  |TAMS 0x0000000719200000, 0x0000000719400000| Complete 
| 171|0x0000000719400000, 0x0000000719600000, 0x0000000719600000|100%|HC|  |TAMS 0x0000000719400000, 0x0000000719600000| Complete 
| 172|0x0000000719600000, 0x0000000719800000, 0x0000000719800000|100%|HC|  |TAMS 0x0000000719600000, 0x0000000719800000| Complete 
| 173|0x0000000719800000, 0x0000000719a00000, 0x0000000719a00000|100%|HC|  |TAMS 0x0000000719800000, 0x0000000719a00000| Complete 
| 174|0x0000000719a00000, 0x0000000719c00000, 0x0000000719c00000|100%|HC|  |TAMS 0x0000000719a00000, 0x0000000719c00000| Complete 
| 175|0x0000000719c00000, 0x0000000719e00000, 0x0000000719e00000|100%|HC|  |TAMS 0x0000000719c00000, 0x0000000719e00000| Complete 
| 176|0x0000000719e00000, 0x000000071a000000, 0x000000071a000000|100%|HC|  |TAMS 0x0000000719e00000, 0x000000071a000000| Complete 
| 177|0x000000071a000000, 0x000000071a200000, 0x000000071a200000|100%|HC|  |TAMS 0x000000071a000000, 0x000000071a200000| Complete 
| 178|0x000000071a200000, 0x000000071a400000, 0x000000071a400000|100%|HC|  |TAMS 0x000000071a200000, 0x000000071a400000| Complete 
| 179|0x000000071a400000, 0x000000071a600000, 0x000000071a600000|100%|HC|  |TAMS 0x000000071a400000, 0x000000071a600000| Complete 
| 180|0x000000071a600000, 0x000000071a800000, 0x000000071a800000|100%|HC|  |TAMS 0x000000071a600000, 0x000000071a800000| Complete 
| 181|0x000000071a800000, 0x000000071aa00000, 0x000000071aa00000|100%|HC|  |TAMS 0x000000071a800000, 0x000000071aa00000| Complete 
| 182|0x000000071aa00000, 0x000000071ac00000, 0x000000071ac00000|100%|HC|  |TAMS 0x000000071aa00000, 0x000000071ac00000| Complete 
| 183|0x000000071ac00000, 0x000000071ae00000, 0x000000071ae00000|100%|HC|  |TAMS 0x000000071ac00000, 0x000000071ae00000| Complete 
| 184|0x000000071ae00000, 0x000000071b000000, 0x000000071b000000|100%|HC|  |TAMS 0x000000071ae00000, 0x000000071b000000| Complete 
| 185|0x000000071b000000, 0x000000071b200000, 0x000000071b200000|100%|HC|  |TAMS 0x000000071b000000, 0x000000071b200000| Complete 

Card table byte_map: [0x0000029074ac0000,0x00000290752b0000] _byte_map_base: 0x00000290712a1000

Marking Bits (Prev, Next): (CMBitMap*) 0x000002905d793f00, (CMBitMap*) 0x000002905d793f40
 Prev Bits: [0x0000029075aa0000, 0x00000290799a8000)
 Next Bits: [0x00000290799b0000, 0x000002907d8b8000)

Polling page: 0x000002905cf00000

Metaspace:

Usage:
  Non-class:    141.11 KB used.
      Class:      4.24 KB used.
       Both:    145.35 KB used.

Virtual space:
  Non-class space:        8.00 MB reserved,     256.00 KB (  3%) committed,  1 nodes.
      Class space:        1.00 GB reserved,     128.00 KB ( <1%) committed,  1 nodes.
             Both:        1.01 GB reserved,     384.00 KB ( <1%) committed. 

Chunk freelists:
   Non-Class:  4.00 MB
       Class:  3.75 MB
        Both:  7.74 MB

MaxMetaspaceSize: unlimited
CompressedClassSpaceSize: 1.00 GB
Initial GC threshold: 21.00 MB
Current GC threshold: 21.00 MB
CDS: on
MetaspaceReclaimPolicy: balanced
 - commit_granule_bytes: 65536.
 - commit_granule_words: 8192.
 - virtual_space_node_default_size: 1048576.
 - enlarge_chunks_in_place: 1.
 - new_chunks_are_fully_committed: 0.
 - uncommit_free_chunks: 1.
 - use_allocation_guard: 0.
 - handle_deallocations: 1.


Internal statistics:

num_allocs_failed_limit: 0.
num_arena_births: 4.
num_arena_deaths: 0.
num_vsnodes_births: 2.
num_vsnodes_deaths: 0.
num_space_committed: 6.
num_space_uncommitted: 0.
num_chunks_returned_to_freelist: 0.
num_chunks_taken_from_freelist: 5.
num_chunk_merges: 0.
num_chunk_splits: 2.
num_chunks_enlarged: 0.
num_purges: 0.
num_inconsistent_stats: 0.

CodeHeap 'non-profiled nmethods': size=120000Kb used=20Kb max_used=20Kb free=119979Kb
 bounds [0x000002906ca70000, 0x000002906cce0000, 0x0000029073fa0000]
CodeHeap 'profiled nmethods': size=120000Kb used=114Kb max_used=114Kb free=119885Kb
 bounds [0x0000029065540000, 0x00000290657b0000, 0x000002906ca70000]
CodeHeap 'non-nmethods': size=5760Kb used=1045Kb max_used=1060Kb free=4714Kb
 bounds [0x0000029064fa0000, 0x0000029065210000, 0x0000029065540000]
 total_blobs=364 nmethods=76 adapters=201
 compilation: enabled
              stopped_count=0, restarted_count=0
 full_count=0

Compilation events (20 events):
Event: 0.061 Thread 0x000002900041ad10 nmethod 64 0x0000029065554c90 code [0x0000029065554e20, 0x0000029065554f48]
Event: 0.061 Thread 0x000002900041ad10   65       2       jdk.internal.util.Preconditions::checkIndex (18 bytes)
Event: 0.061 Thread 0x000002900041ad10 nmethod 65 0x0000029065555010 code [0x00000290655551a0, 0x00000290655552c8]
Event: 0.061 Thread 0x000002900041ad10   69       3       java.util.ArrayList::add (23 bytes)
Event: 0.061 Thread 0x000002900041ad10 nmethod 69 0x0000029065555390 code [0x0000029065555560, 0x0000029065555928]
Event: 0.061 Thread 0x000002900041ad10   62       1       java.util.ArrayList::size (5 bytes)
Event: 0.061 Thread 0x000002900041ad10 nmethod 62 0x000002906ca73890 code [0x000002906ca73a20, 0x000002906ca73af8]
Event: 0.061 Thread 0x0000029000419f50 nmethod 70 0x000002906ca73b90 code [0x000002906ca73d00, 0x000002906ca73df8]
Event: 0.061 Thread 0x0000029000419f50   71       4       java.lang.Integer::valueOf (32 bytes)
Event: 0.062 Thread 0x0000029000419f50 nmethod 71 0x000002906ca73f10 code [0x000002906ca74080, 0x000002906ca74118]
Event: 0.062 Thread 0x0000029000419f50   72       4       java.util.ArrayList::add (25 bytes)
Event: 0.064 Thread 0x0000029000419f50 nmethod 72 0x000002906ca74210 code [0x000002906ca743a0, 0x000002906ca745a8]
Event: 0.067 Thread 0x000002900041ad10   73       3       java.lang.Math::min (11 bytes)
Event: 0.068 Thread 0x000002900041ad10 nmethod 73 0x0000029065555a90 code [0x0000029065555c20, 0x0000029065555d58]
Event: 0.069 Thread 0x000002900041ad10   74 %     3       Recursion.PascalTriangle::getRow @ 86 (173 bytes)
Event: 0.070 Thread 0x000002900041ad10 nmethod 74% 0x0000029065555e10 code [0x0000029065556260, 0x00000290655588f8]
Event: 0.071 Thread 0x000002900041ad10   75       3       Recursion.PascalTriangle::getRow (173 bytes)
Event: 0.072 Thread 0x000002900041ad10 nmethod 75 0x0000029065559590 code [0x00000290655599c0, 0x000002906555bf58]
Event: 0.072 Thread 0x0000029000419f50   76 %     4       Recursion.PascalTriangle::getRow @ 86 (173 bytes)
Event: 0.078 Thread 0x0000029000419f50 nmethod 76% 0x000002906ca74710 code [0x000002906ca748c0, 0x000002906ca74e68]

GC Heap History (7 events):
Event: 0.251 GC heap before
{Heap before GC invocations=0 (full 0):
 garbage-first heap   total 260096K, used 116736K [0x0000000703e00000, 0x0000000800000000)
  region size 2048K, 3 young (6144K), 0 survivors (0K)
 Metaspace       used 145K, committed 384K, reserved 1056768K
  class space    used 4K, committed 128K, reserved 1048576K
}
Event: 0.364 GC heap after
{Heap after GC invocations=1 (full 0):
 garbage-first heap   total 260096K, used 115394K [0x0000000703e00000, 0x0000000800000000)
  region size 2048K, 1 young (2048K), 1 survivors (2048K)
 Metaspace       used 145K, committed 384K, reserved 1056768K
  class space    used 4K, committed 128K, reserved 1048576K
}
Event: 0.476 GC heap before
{Heap before GC invocations=1 (full 0):
 garbage-first heap   total 260096K, used 170690K [0x0000000703e00000, 0x0000000800000000)
  region size 2048K, 1 young (2048K), 1 survivors (2048K)
 Metaspace       used 145K, committed 384K, reserved 1056768K
  class space    used 4K, committed 128K, reserved 1048576K
}
Event: 0.643 GC heap after
{Heap after GC invocations=2 (full 0):
 garbage-first heap   total 260096K, used 170527K [0x0000000703e00000, 0x0000000800000000)
  region size 2048K, 1 young (2048K), 1 survivors (2048K)
 Metaspace       used 145K, committed 384K, reserved 1056768K
  class space    used 4K, committed 128K, reserved 1048576K
}
Event: 0.850 GC heap before
{Heap before GC invocations=3 (full 0):
 garbage-first heap   total 260096K, used 137759K [0x0000000703e00000, 0x0000000800000000)
  region size 2048K, 1 young (2048K), 1 survivors (2048K)
 Metaspace       used 145K, committed 384K, reserved 1056768K
  class space    used 4K, committed 128K, reserved 1048576K
}
Event: 1.003 GC heap after
{Heap after GC invocations=4 (full 0):
 garbage-first heap   total 260096K, used 137762K [0x0000000703e00000, 0x0000000800000000)
  region size 2048K, 1 young (2048K), 1 survivors (2048K)
 Metaspace       used 145K, committed 384K, reserved 1056768K
  class space    used 4K, committed 128K, reserved 1048576K
}
Event: 1.275 GC heap before
{Heap before GC invocations=5 (full 0):
 garbage-first heap   total 380928K, used 205346K [0x0000000703e00000, 0x0000000800000000)
  region size 2048K, 1 young (2048K), 1 survivors (2048K)
 Metaspace       used 145K, committed 384K, reserved 1056768K
  class space    used 4K, committed 128K, reserved 1048576K
}

Deoptimization events (2 events):
Event: 0.078 Thread 0x000002905d72a9e0 DEOPT PACKING pc=0x00000290655586c0 sp=0x000000ba100ff000
Event: 0.078 Thread 0x000002905d72a9e0 DEOPT UNPACKING pc=0x0000029064ff66e3 sp=0x000000ba100fe598 mode 0

Classes unloaded (0 events):
No events

Classes redefined (0 events):
No events

Internal exceptions (0 events):
No events

VM Operations (15 events):
Event: 0.251 Executing VM operation: G1TryInitiateConcMark
Event: 0.364 Executing VM operation: G1TryInitiateConcMark done
Event: 0.476 Executing VM operation: G1TryInitiateConcMark
Event: 0.643 Executing VM operation: G1TryInitiateConcMark done
Event: 0.731 Executing VM operation: G1Concurrent
Event: 0.742 Executing VM operation: G1Concurrent done
Event: 0.742 Executing VM operation: G1Concurrent
Event: 0.757 Executing VM operation: G1Concurrent done
Event: 0.850 Executing VM operation: G1TryInitiateConcMark
Event: 1.003 Executing VM operation: G1TryInitiateConcMark done
Event: 1.110 Executing VM operation: G1Concurrent
Event: 1.133 Executing VM operation: G1Concurrent done
Event: 1.133 Executing VM operation: G1Concurrent
Event: 1.133 Executing VM operation: G1Concurrent done
Event: 1.275 Executing VM operation: G1TryInitiateConcMark

Events (20 events):
Event: 0.012 Loaded shared library C:\Program Files\Java\jdk-17.0.5\bin\java.dll
Event: 0.025 Loaded shared library C:\Program Files\Java\jdk-17.0.5\bin\jsvml.dll
Event: 0.025 Thread 0x000002905d72a9e0 Thread added: 0x000002905d72a9e0
Event: 0.029 Thread 0x00000290003ed280 Thread added: 0x00000290003ed280
Event: 0.029 Thread 0x00000290003f0050 Thread added: 0x00000290003f0050
Event: 0.039 loading class sun/nio/cs/UTF_8$Encoder
Event: 0.039 loading class sun/nio/cs/UTF_8$Encoder done
Event: 0.041 Thread 0x00000290003ff860 Thread added: 0x00000290003ff860
Event: 0.041 Thread 0x0000029000401630 Thread added: 0x0000029000401630
Event: 0.041 Thread 0x0000029000407040 Thread added: 0x0000029000407040
Event: 0.041 Thread 0x0000029000407510 Thread added: 0x0000029000407510
Event: 0.041 Thread 0x0000029000419f50 Thread added: 0x0000029000419f50
Event: 0.041 Thread 0x000002900041ad10 Thread added: 0x000002900041ad10
Event: 0.041 Thread 0x0000029001010060 Thread added: 0x0000029001010060
Event: 0.055 Thread 0x00000290004091f0 Thread added: 0x00000290004091f0
Event: 0.057 loading class jdk/internal/loader/URLClassPath$FileLoader
Event: 0.057 loading class jdk/internal/loader/URLClassPath$FileLoader done
Event: 0.058 loading class jdk/internal/loader/URLClassPath$FileLoader$1
Event: 0.058 loading class jdk/internal/loader/URLClassPath$FileLoader$1 done
Event: 0.059 Thread 0x00000290004096c0 Thread added: 0x00000290004096c0


Dynamic libraries:
0x00007ff6381a0000 - 0x00007ff6381b0000 	C:\Program Files\Java\jdk-17.0.5\bin\javaw.exe
0x00007ffc2a590000 - 0x00007ffc2a7a7000 	C:\WINDOWS\SYSTEM32\ntdll.dll
0x00007ffc284f0000 - 0x00007ffc285b4000 	C:\WINDOWS\System32\KERNEL32.DLL
0x00007ffc27d10000 - 0x00007ffc280b6000 	C:\WINDOWS\System32\KERNELBASE.dll
0x00007ffc280c0000 - 0x00007ffc281d1000 	C:\WINDOWS\System32\ucrtbase.dll
0x00007ffc00070000 - 0x00007ffc0008a000 	C:\Program Files\Java\jdk-17.0.5\bin\VCRUNTIME140.dll
0x00007ffc07130000 - 0x00007ffc07148000 	C:\Program Files\Java\jdk-17.0.5\bin\jli.dll
0x00007ffc29330000 - 0x00007ffc293e0000 	C:\WINDOWS\System32\ADVAPI32.dll
0x00007ffc286c0000 - 0x00007ffc28767000 	C:\WINDOWS\System32\msvcrt.dll
0x00007ffc29940000 - 0x00007ffc299e6000 	C:\WINDOWS\System32\sechost.dll
0x00007ffc28850000 - 0x00007ffc28967000 	C:\WINDOWS\System32\RPCRT4.dll
0x00007ffc299f0000 - 0x00007ffc29b9d000 	C:\WINDOWS\System32\USER32.dll
0x00007ffc27910000 - 0x00007ffc27936000 	C:\WINDOWS\System32\win32u.dll
0x00007ffc05180000 - 0x00007ffc05413000 	C:\WINDOWS\WinSxS\amd64_microsoft.windows.common-controls_6595b64144ccf1df_6.0.22621.2361_none_2712ced57382f843\COMCTL32.dll
0x00007ffc2a460000 - 0x00007ffc2a489000 	C:\WINDOWS\System32\GDI32.dll
0x00007ffc27940000 - 0x00007ffc27a58000 	C:\WINDOWS\System32\gdi32full.dll
0x00007ffc281e0000 - 0x00007ffc2827a000 	C:\WINDOWS\System32\msvcp_win.dll
0x00007ffc200e0000 - 0x00007ffc200ea000 	C:\WINDOWS\SYSTEM32\VERSION.dll
0x00007ffc2a490000 - 0x00007ffc2a4c1000 	C:\WINDOWS\System32\IMM32.DLL
0x00007ffc18a00000 - 0x00007ffc18a0c000 	C:\Program Files\Java\jdk-17.0.5\bin\vcruntime140_1.dll
0x00007ffbe78d0000 - 0x00007ffbe795d000 	C:\Program Files\Java\jdk-17.0.5\bin\msvcp140.dll
0x00007ffb813b0000 - 0x00007ffb81f72000 	C:\Program Files\Java\jdk-17.0.5\bin\server\jvm.dll
0x00007ffc2a530000 - 0x00007ffc2a538000 	C:\WINDOWS\System32\PSAPI.DLL
0x00007ffc219b0000 - 0x00007ffc219e4000 	C:\WINDOWS\SYSTEM32\WINMM.dll
0x00007ffc03270000 - 0x00007ffc03279000 	C:\WINDOWS\SYSTEM32\WSOCK32.dll
0x00007ffc28470000 - 0x00007ffc284e1000 	C:\WINDOWS\System32\WS2_32.dll
0x00007ffc26950000 - 0x00007ffc26968000 	C:\WINDOWS\SYSTEM32\kernel.appcore.dll
0x00007ffc136b0000 - 0x00007ffc136ba000 	C:\Program Files\Java\jdk-17.0.5\bin\jimage.dll
0x00007ffc25340000 - 0x00007ffc2556e000 	C:\WINDOWS\SYSTEM32\DBGHELP.DLL
0x00007ffc2a0d0000 - 0x00007ffc2a45a000 	C:\WINDOWS\System32\combase.dll
0x00007ffc29250000 - 0x00007ffc29327000 	C:\WINDOWS\System32\OLEAUT32.dll
0x00007ffc147b0000 - 0x00007ffc147e2000 	C:\WINDOWS\SYSTEM32\dbgcore.DLL
0x00007ffc27bd0000 - 0x00007ffc27c4a000 	C:\WINDOWS\System32\bcryptPrimitives.dll
0x00007ffbf55a0000 - 0x00007ffbf55c5000 	C:\Program Files\Java\jdk-17.0.5\bin\java.dll
0x00007ffbe77f0000 - 0x00007ffbe78c6000 	C:\Program Files\Java\jdk-17.0.5\bin\jsvml.dll
0x00007ffc289f0000 - 0x00007ffc29248000 	C:\WINDOWS\System32\SHELL32.dll
0x00007ffc25870000 - 0x00007ffc26162000 	C:\WINDOWS\SYSTEM32\windows.storage.dll
0x00007ffc25730000 - 0x00007ffc2586e000 	C:\WINDOWS\SYSTEM32\wintypes.dll
0x00007ffc285c0000 - 0x00007ffc286b3000 	C:\WINDOWS\System32\SHCORE.dll
0x00007ffc28990000 - 0x00007ffc289ee000 	C:\WINDOWS\System32\shlwapi.dll
0x00007ffc27840000 - 0x00007ffc27866000 	C:\WINDOWS\SYSTEM32\profapi.dll

dbghelp: loaded successfully - version: 4.0.5 - missing functions: none
symbol engine: initialized successfully - sym options: 0x614 - pdb path: .;C:\Program Files\Java\jdk-17.0.5\bin;C:\WINDOWS\SYSTEM32;C:\WINDOWS\WinSxS\amd64_microsoft.windows.common-controls_6595b64144ccf1df_6.0.22621.2361_none_2712ced57382f843;C:\Program Files\Java\jdk-17.0.5\bin\server

VM Arguments:
jvm_args: -Dfile.encoding=UTF-8 -XX:+ShowCodeDetailsInExceptionMessages 
java_command: Recursion.PascalTriangle
java_class_path (initial): C:\Users\Swapnesh\eclipse-workspace\Swapnesh\bin
Launcher Type: SUN_STANDARD

[Global flags]
     intx CICompilerCount                          = 4                                         {product} {ergonomic}
     uint ConcGCThreads                            = 2                                         {product} {ergonomic}
     uint G1ConcRefinementThreads                  = 8                                         {product} {ergonomic}
   size_t G1HeapRegionSize                         = 2097152                                   {product} {ergonomic}
    uintx GCDrainStackTargetSize                   = 64                                        {product} {ergonomic}
   size_t InitialHeapSize                          = 266338304                                 {product} {ergonomic}
   size_t MarkStackSize                            = 4194304                                   {product} {ergonomic}
   size_t MaxHeapSize                              = 4229955584                                {product} {ergonomic}
   size_t MaxNewSize                               = 2537553920                                {product} {ergonomic}
   size_t MinHeapDeltaBytes                        = 2097152                                   {product} {ergonomic}
   size_t MinHeapSize                              = 8388608                                   {product} {ergonomic}
    uintx NonNMethodCodeHeapSize                   = 5839372                                {pd product} {ergonomic}
    uintx NonProfiledCodeHeapSize                  = 122909434                              {pd product} {ergonomic}
    uintx ProfiledCodeHeapSize                     = 122909434                              {pd product} {ergonomic}
    uintx ReservedCodeCacheSize                    = 251658240                              {pd product} {ergonomic}
     bool SegmentedCodeCache                       = true                                      {product} {ergonomic}
     bool ShowCodeDetailsInExceptionMessages       = true                                   {manageable} {command line}
   size_t SoftMaxHeapSize                          = 4229955584                             {manageable} {ergonomic}
     bool UseCompressedClassPointers               = true                           {product lp64_product} {ergonomic}
     bool UseCompressedOops                        = true                           {product lp64_product} {ergonomic}
     bool UseG1GC                                  = true                                      {product} {ergonomic}
     bool UseLargePagesIndividualAllocation        = false                                  {pd product} {ergonomic}

Logging:
Log output configuration:
 #0: stdout all=warning uptime,level,tags
 #1: stderr all=off uptime,level,tags

Environment Variables:
PATH=C:\Program Files\Common Files\Oracle\Java\javapath;C:\WINDOWS\system32;C:\WINDOWS;C:\WINDOWS\System32\Wbem;C:\WINDOWS\System32\WindowsPowerShell\v1.0\;C:\WINDOWS\System32\OpenSSH\;C:\Program Files\nodejs\;C:\Users\Swapnesh\AppData\Local\Microsoft\WindowsApps;C:\Program Files\Java\jdk-17.0.5\bin;C:\Users\Swapnesh\AppData\Local\Programs\Microsoft VS Code\bin;C:\Users\Swapnesh\AppData\Roaming\npm;C:\Users\Swapnesh\AppData\Local\Programs\Git\cmd
USERNAME=Swapnesh
OS=Windows_NT
PROCESSOR_IDENTIFIER=Intel64 Family 6 Model 140 Stepping 2, GenuineIntel



---------------  S Y S T E M  ---------------

OS:
 Windows 11 , 64 bit Build 22621 (10.0.22621.2428)
OS uptime: 4 days 3:33 hours

CPU: total 8 (initial active 8) (4 cores per cpu, 2 threads per core) family 6 model 140 stepping 2 microcode 0x2c, cx8, cmov, fxsr, ht, mmx, 3dnowpref, sse, sse2, sse3, ssse3, sse4.1, sse4.2, popcnt, lzcnt, tsc, tscinvbit, avx, avx2, aes, erms, clmul, bmi1, bmi2, adx, avx512f, avx512dq, avx512cd, avx512bw, avx512vl, sha, fma, vzeroupper, avx512_vpopcntdq, avx512_vpclmulqdq, avx512_vaes, avx512_vnni, clflush, clflushopt, clwb, avx512_vbmi2, avx512_vbmi

Memory: 4k page, system-wide physical 16133M (5582M free)
TotalPageFile size 22277M (AvailPageFile size 5615M)
current process WorkingSet (physical memory assigned to process): 400M, peak: 400M
current process commit charge ("private bytes"): 468M, peak: 468M

vm_info: Java HotSpot(TM) 64-Bit Server VM (17.0.5+9-LTS-191) for windows-amd64 JRE (17.0.5+9-LTS-191), built on Sep 13 2022 17:31:43 by "mach5one" with MS VC++ 16.8 / 16.9 (VS2019)

END.
